[0m2021.07.09 10:03:54 INFO  Started: Metals version 0.10.4 in workspace '/home/dilshan/Desktop/Assignments/scala/assignment2' for client Visual Studio Code 1.57.1.[0m
[0m2021.07.09 10:04:00 INFO  time: initialize in 5.88s[0m
[0m2021.07.09 10:04:00 WARN  Build server is not auto-connectable.[0m
[0m2021.07.09 10:04:00 WARN  no build tool detected in workspace '/home/dilshan/Desktop/Assignments/scala/assignment2'. The most common cause for this problem is that the editor was opened in the wrong working directory, for example if you use sbt then the workspace directory should contain build.sbt. [0m
[0m2021.07.09 10:04:00 WARN  no build target for: /home/dilshan/Desktop/Assignments/scala/assignment2/harvest/harvest.scala[0m
[0m2021.07.09 10:04:06 INFO  no build target: using presentation compiler with only scala-library: 2.12.14[0m
Jul 09, 2021 10:04:06 AM org.eclipse.lsp4j.jsonrpc.RemoteEndpoint handleCancellation
WARNING: Unmatched cancel notification for request id 2
Jul 09, 2021 10:04:06 AM org.eclipse.lsp4j.jsonrpc.RemoteEndpoint handleCancellation
WARNING: Unmatched cancel notification for request id 3
Jul 09, 2021 10:04:06 AM org.eclipse.lsp4j.jsonrpc.RemoteEndpoint handleCancellation
WARNING: Unmatched cancel notification for request id 5
[0m2021.07.09 10:04:06 WARN  no build target for: /home/dilshan/Desktop/Assignments/scala/assignment2/seat/seatresevation.scala[0m
[0m2021.07.09 10:04:12 INFO  time: code lens generation in 5.13s[0m
[0m2021.07.09 10:04:12 INFO  time: code lens generation in 11s[0m
[0m2021.07.09 10:05:51 WARN  no build target for: /home/dilshan/Desktop/Assignments/scala/assignment2/seat/seatresevation.scala[0m
[0m2021.07.09 10:07:24 WARN  no build target for: /home/dilshan/Desktop/Assignments/scala/assignment2/seat/seatresevation.scala[0m
[0m2021.07.09 10:07:52 WARN  no build target for: /home/dilshan/Desktop/Assignments/scala/assignment2/seat/seatresevation.scala[0m
[0m2021.07.09 10:08:13 INFO  shutting down Metals[0m
[0m2021.07.09 14:18:36 INFO  Started: Metals version 0.10.4 in workspace '/home/dilshan/Desktop/Assignments/scala/assignment2' for client Visual Studio Code 1.58.0.[0m
[0m2021.07.09 14:18:40 INFO  time: initialize in 4.32s[0m
[0m2021.07.09 14:18:40 WARN  Build server is not auto-connectable.[0m
[0m2021.07.09 14:18:40 WARN  no build tool detected in workspace '/home/dilshan/Desktop/Assignments/scala/assignment2'. The most common cause for this problem is that the editor was opened in the wrong working directory, for example if you use sbt then the workspace directory should contain build.sbt. [0m
[0m2021.07.09 14:18:40 WARN  no build target for: /home/dilshan/Desktop/Assignments/scala/assignment2/seat/seatresevation.scala[0m
[0m2021.07.09 14:18:45 INFO  no build target: using presentation compiler with only scala-library: 2.12.14[0m
[0m2021.07.09 14:19:02 INFO  shutting down Metals[0m
